{
    "release-info": {
        "projdir": "/scratch/ckalluri/DAILY/2020.2.2_SOM", 
        "manifest": "rel-v2020.2.2_SOM",
        "scripts_dir": "/scratch/ckalluri/scripts/yocto-scripts/",
        "oldcommitlog": "/proj/yocto/integration/2020.2.2_SOM/minimal_build/commitid_2020.2.2_SOM.log"
    },
    "atf": {
        "branch": "master-rel-2020.2.2-som", 
        "base_url": "https://gitenterprise.xilinx.com/Linux/arm-trusted-firmware"
    }, 
    "dtg": {
        "branch": "2020.2.2-som", 
        "base_url": "https://gitenterprise.xilinx.com/Linux/device-tree-xlnx"
    }, 
    "fsbl": {
        "branch": "master-rel-2020.2_som", 
        "base_url": "https://gitenterprise.xilinx.com/embeddedsw/embeddedsw"
    }, 
    "kernel-module-hdmi": {
        "branch": "master", 
        "base_url": "https://gitenterprise.xilinx.com/ipssw/hdmi-modules"
    }, 
    "kernel-module-vcu": {
        "branch": "master", 
        "base_url": "https://gitenterprise.xilinx.com/xilinx-vcu/vcu-modules"
    }, 
    "libmetal": {
        "branch": "master", 
        "base_url": "https://gitenterprise.xilinx.com/OpenAMP/libmetal"
    }, 
    "libomxil-xlnx": {
        "branch": "master", 
        "base_url": "https://gitenterprise.xilinx.com/xilinx-vcu/vcu-omx-il"
    }, 
    "libvcu-xlnx": {
        "branch": "master", 
        "base_url": "https://gitenterprise.xilinx.com/xilinx-vcu/vcu-ctrl-sw"
    }, 
    "linuxxlnx": {
        "branch": "master-rel-2020.2.2-som", 
        "base_url": "https://gitenterprise.xilinx.com/Linux/linux-xlnx"
    }, 
    "open-amp": {
        "branch": "master", 
        "base_url": "https://gitenterprise.xilinx.com/OpenAMP/open-amp"
    }, 
    "qemudt": {
        "branch": "branch/xilinx-v2020.2", 
        "base_url": "https://gitenterprise.xilinx.com/QEMU/dts"
    }, 
    "qemu": {
        "branch": "branch/xilinx-v2020.2", 
        "base_url": "https://gitenterprise.xilinx.com/QEMU/qemu"
    }, 
    "ubootxlnx": {
        "branch": "master-rel-2020.2.2-som", 
        "base_url": "https://gitenterprise.xilinx.com/Linux/u-boot-xlnx"
    }, 
    "vcu-firmware": {
        "branch": "master", 
        "base_url": "https://gitenterprise.xilinx.com/xilinx-vcu/vcu-firmware"
    }, 
    "xen": {
        "branch": "xilinx/release-2020.2", 
        "base_url": "https://gitenterprise.xilinx.com/Xen/xen"
    } 
}
