{
    "release-info": {
        "projdir": "/scratch/ckalluri/DAILY/2021", 
        "manifest": "2021",
        "scripts_dir": "/scratch/ckalluri/scripts/yocto-scripts/",
        "oldcommitlog": "/proj/yocto/minimal_build/commitid_2021.1.log"
    },
    "arm-trusted-firmware": {
        "branch": "xlnx_rebase_v2.4", 
        "base_url": "https://gitenterprise.xilinx.com/Linux/arm-trusted-firmware"
    }, 
    "device-tree": {
        "branch": "2021.1_mnext", 
        "base_url": "https://gitenterprise.xilinx.com/Linux/device-tree-xlnx"
    }, 
    "fsbl": {
        "branch": "master", 
        "base_url": "https://gitenterprise.xilinx.com/embeddedsw/embeddedsw"
    }, 
    "kernel-module-hdmi": {
        "branch": "master", 
        "base_url": "https://gitenterprise.xilinx.com/ipssw/hdmi-modules"
    }, 
    "kernel-module-vcu": {
        "branch": "master", 
        "base_url": "https://gitenterprise.xilinx.com/xilinx-vcu/vcu-modules"
    }, 
    "libmetal": {
        "branch": "master", 
        "base_url": "https://gitenterprise.xilinx.com/OpenAMP/libmetal"
    }, 
    "libomxil-xlnx": {
        "branch": "master", 
        "base_url": "https://gitenterprise.xilinx.com/xilinx-vcu/vcu-omx-il"
    }, 
    "libvcu-xlnx": {
        "branch": "master", 
        "base_url": "https://gitenterprise.xilinx.com/xilinx-vcu/vcu-ctrl-sw"
    }, 
    "linux-xlnx": {
        "branch": "xlnx_rebase_v5.10", 
        "base_url": "https://gitenterprise.xilinx.com/Linux/linux-xlnx"
    }, 
    "open-amp": {
        "branch": "master", 
        "base_url": "https://gitenterprise.xilinx.com/OpenAMP/open-amp"
    }, 
    "qemu-devicetrees": {
        "branch": "master", 
        "base_url": "https://gitenterprise.xilinx.com/QEMU/dts"
    }, 
    "qemu-xilinx": {
        "branch": "master", 
        "base_url": "https://gitenterprise.xilinx.com/QEMU/qemu"
    }, 
    "uboot-xlnx": {
        "branch": "master", 
        "base_url": "https://gitenterprise.xilinx.com/Linux/u-boot-xlnx"
    }, 
    "vcu-firmware": {
        "branch": "master", 
        "base_url": "https://gitenterprise.xilinx.com/xilinx-vcu/vcu-firmware"
    }, 
    "xen": {
        "branch": "xilinx/release-2021.1", 
        "base_url": "https://gitenterprise.xilinx.com/Xen/xen"
    } 
}
